<?xml version="1.0" encoding="UTF-8"?>
<!-- Generated by org.testng.reporters.JUnitReportReporter -->
<testsuite skipped="0" hostname="DESKTOP-KHUCIV0" name="script.login_verify" tests="1" failures="0" timestamp="26 Jan 2019 12:13:39 GMT" time="4.067" errors="0">
  <testcase name="verify_Login" time="4.067" classname="script.login_verify"/>
</testsuite> <!-- script.login_verify -->
