<?xml version="1.0" encoding="UTF-8"?>
<!-- Generated by org.testng.reporters.JUnitReportReporter -->
<testsuite skipped="0" hostname="DESKTOP-KHUCIV0" name="script.mnu_Demo" tests="1" failures="0" timestamp="04 Feb 2019 15:47:39 GMT" time="19.611" errors="0">
  <testcase name="menu" time="19.611" classname="script.mnu_Demo"/>
</testsuite> <!-- script.mnu_Demo -->
